<?xml version="1.0" ?>
<!DOCTYPE coverage SYSTEM "http://cobertura.sourceforge.net/xml/coverage-04.dtd">
<coverage lines-valid="18"  lines-covered="18"  line-rate="1"  branches-valid="4"  branches-covered="4"  branch-rate="1"  timestamp="1481802967695" complexity="0" version="0.1">
<sources>
	<source>/Users/stephen.reid/work/sandbox/app</source>
</sources>
<packages>
	<package name="app"  line-rate="1"  branch-rate="1" >
	<classes>
		<class name="app.js"  filename="app.js"  line-rate="1"  branch-rate="1" >
		<methods>
			<method name="(anonymous_1)"  hits="2"  signature="()V" >
				<lines><line number="8"  hits="2" /></lines>
			</method>
			<method name="(anonymous_2)"  hits="1"  signature="()V" >
				<lines><line number="14"  hits="1" /></lines>
			</method>
			<method name="(anonymous_3)"  hits="1"  signature="()V" >
				<lines><line number="23"  hits="1" /></lines>
			</method>
			<method name="fibonacci"  hits="177"  signature="()V" >
				<lines><line number="30"  hits="177" /></lines>
			</method>
		</methods>
		<lines>
			<line number="1"  hits="1"  branch="false" />
			<line number="2"  hits="1"  branch="false" />
			<line number="4"  hits="1"  branch="false" />
			<line number="6"  hits="1"  branch="false" />
			<line number="8"  hits="1"  branch="false" />
			<line number="10"  hits="2"  branch="false" />
			<line number="14"  hits="1"  branch="false" />
			<line number="17"  hits="1"  branch="false" />
			<line number="19"  hits="1"  branch="false" />
			<line number="23"  hits="1"  branch="false" />
			<line number="25"  hits="1"  branch="false" />
			<line number="30"  hits="1"  branch="false" />
			<line number="32"  hits="177"  branch="true"  condition-coverage="100% (2/2)" />
			<line number="33"  hits="34"  branch="false" />
			<line number="35"  hits="143"  branch="true"  condition-coverage="100% (2/2)" />
			<line number="36"  hits="55"  branch="false" />
			<line number="38"  hits="88"  branch="false" />
			<line number="42"  hits="1"  branch="false" />
		</lines>
		</class>
	</classes>
	</package>
</packages>
</coverage>
