{"/Users/stephen.reid/work/sandbox/app/app.js":{"path":"/Users/stephen.reid/work/sandbox/app/app.js","s":{"1":1,"2":1,"3":1,"4":1,"5":1,"6":2,"7":1,"8":1,"9":1,"10":1,"11":1,"12":1,"13":177,"14":34,"15":143,"16":55,"17":88,"18":1},"b":{"1":[34,143],"2":[55,88]},"f":{"1":2,"2":1,"3":1,"4":177},"fnMap":{"1":{"name":"(anonymous_1)","line":8,"loc":{"start":{"line":8,"column":14},"end":{"line":8,"column":33}}},"2":{"name":"(anonymous_2)","line":14,"loc":{"start":{"line":14,"column":26},"end":{"line":14,"column":43}}},"3":{"name":"(anonymous_3)","line":23,"loc":{"start":{"line":23,"column":18},"end":{"line":23,"column":28}}},"4":{"name":"fibonacci","line":30,"loc":{"start":{"line":30,"column":0},"end":{"line":30,"column":22}}}},"statementMap":{"1":{"start":{"line":1,"column":0},"end":{"line":1,"column":33}},"2":{"start":{"line":2,"column":0},"end":{"line":2,"column":20}},"3":{"start":{"line":4,"column":0},"end":{"line":4,"column":31}},"4":{"start":{"line":6,"column":0},"end":{"line":6,"column":34}},"5":{"start":{"line":8,"column":0},"end":{"line":12,"column":3}},"6":{"start":{"line":10,"column":2},"end":{"line":10,"column":22}},"7":{"start":{"line":14,"column":0},"end":{"line":21,"column":3}},"8":{"start":{"line":17,"column":2},"end":{"line":17,"column":39}},"9":{"start":{"line":19,"column":2},"end":{"line":19,"column":19}},"10":{"start":{"line":23,"column":0},"end":{"line":27,"column":3}},"11":{"start":{"line":25,"column":2},"end":{"line":25,"column":62}},"12":{"start":{"line":30,"column":0},"end":{"line":40,"column":1}},"13":{"start":{"line":32,"column":2},"end":{"line":33,"column":13}},"14":{"start":{"line":33,"column":4},"end":{"line":33,"column":13}},"15":{"start":{"line":35,"column":2},"end":{"line":36,"column":13}},"16":{"start":{"line":36,"column":4},"end":{"line":36,"column":13}},"17":{"start":{"line":38,"column":2},"end":{"line":38,"column":45}},"18":{"start":{"line":42,"column":0},"end":{"line":42,"column":21}}},"branchMap":{"1":{"line":32,"type":"if","locations":[{"start":{"line":32,"column":2},"end":{"line":32,"column":2}},{"start":{"line":32,"column":2},"end":{"line":32,"column":2}}]},"2":{"line":35,"type":"if","locations":[{"start":{"line":35,"column":2},"end":{"line":35,"column":2}},{"start":{"line":35,"column":2},"end":{"line":35,"column":2}}]}}}}